<?xml version="1.0" encoding="UTF-8"?>
<testsuite name="org.example.springboot.web.HelloControllerTest" tests="2" skipped="0" failures="0" errors="0" timestamp="2022-04-18T02:21:35" hostname="LAPTOP-JE7A1KAR" time="0.356">
  <properties/>
  <testcase name="hello_is_return" classname="org.example.springboot.web.HelloControllerTest" time="0.092"/>
  <testcase name="helloDto_is_return" classname="org.example.springboot.web.HelloControllerTest" time="0.262"/>
  <system-out><![CDATA[2022-04-18 11:21:32.097  INFO 22216 --- [    Test worker] .b.t.a.w.s.WebMvcTestContextBootstrapper : Neither @ContextConfiguration nor @ContextHierarchy found for test class [org.example.springboot.web.HelloControllerTest], using SpringBootContextLoader
2022-04-18 11:21:32.101  INFO 22216 --- [    Test worker] o.s.t.c.support.AbstractContextLoader    : Could not detect default resource locations for test class [org.example.springboot.web.HelloControllerTest]: no resource found for suffixes {-context.xml, Context.groovy}.
2022-04-18 11:21:32.103  INFO 22216 --- [    Test worker] t.c.s.AnnotationConfigContextLoaderUtils : Could not detect default configuration classes for test class [org.example.springboot.web.HelloControllerTest]: HelloControllerTest does not declare any static, non-private, non-final, nested classes annotated with @Configuration.
2022-04-18 11:21:32.156  INFO 22216 --- [    Test worker] .b.t.c.SpringBootTestContextBootstrapper : Found @SpringBootConfiguration org.example.springboot.Application for test class org.example.springboot.web.HelloControllerTest
2022-04-18 11:21:32.157  INFO 22216 --- [    Test worker] .b.t.a.w.s.WebMvcTestContextBootstrapper : Loaded default TestExecutionListener class names from location [META-INF/spring.factories]: [org.springframework.security.test.context.support.WithSecurityContextTestExecutionListener, org.springframework.security.test.context.support.ReactorContextTestExecutionListener, org.springframework.boot.test.autoconfigure.restdocs.RestDocsTestExecutionListener, org.springframework.boot.test.autoconfigure.web.client.MockRestServiceServerResetTestExecutionListener, org.springframework.boot.test.autoconfigure.web.servlet.MockMvcPrintOnlyOnFailureTestExecutionListener, org.springframework.boot.test.autoconfigure.web.servlet.WebDriverTestExecutionListener, org.springframework.boot.test.mock.mockito.MockitoTestExecutionListener, org.springframework.boot.test.mock.mockito.ResetMocksTestExecutionListener, org.springframework.test.context.web.ServletTestExecutionListener, org.springframework.test.context.support.DirtiesContextBeforeModesTestExecutionListener, org.springframework.test.context.support.DependencyInjectionTestExecutionListener, org.springframework.test.context.support.DirtiesContextTestExecutionListener, org.springframework.test.context.transaction.TransactionalTestExecutionListener, org.springframework.test.context.jdbc.SqlScriptsTestExecutionListener]
2022-04-18 11:21:32.163  INFO 22216 --- [    Test worker] .b.t.a.w.s.WebMvcTestContextBootstrapper : Using TestExecutionListeners: [org.springframework.test.context.web.ServletTestExecutionListener@1be3481a, org.springframework.test.context.support.DirtiesContextBeforeModesTestExecutionListener@64a35cdf, org.springframework.boot.test.mock.mockito.MockitoTestExecutionListener@55a38fb7, org.springframework.boot.test.autoconfigure.SpringBootDependencyInjectionTestExecutionListener@18f26f0a, org.springframework.test.context.support.DirtiesContextTestExecutionListener@19505796, org.springframework.test.context.transaction.TransactionalTestExecutionListener@67ebb5c7, org.springframework.test.context.jdbc.SqlScriptsTestExecutionListener@2efc40ba, org.springframework.security.test.context.support.WithSecurityContextTestExecutionListener@25fdf050, org.springframework.security.test.context.support.ReactorContextTestExecutionListener@3e8aef9e, org.springframework.boot.test.autoconfigure.restdocs.RestDocsTestExecutionListener@4752005, org.springframework.boot.test.autoconfigure.web.client.MockRestServiceServerResetTestExecutionListener@484059a1, org.springframework.boot.test.autoconfigure.web.servlet.MockMvcPrintOnlyOnFailureTestExecutionListener@2755f89, org.springframework.boot.test.autoconfigure.web.servlet.WebDriverTestExecutionListener@6beab646, org.springframework.boot.test.mock.mockito.ResetMocksTestExecutionListener@46b2c636]

  .   ____          _            __ _ _
 /\\ / ___'_ __ _ _(_)_ __  __ _ \ \ \ \
( ( )\___ | '_ | '_| | '_ \/ _` | \ \ \ \
 \\/  ___)| |_)| | | | | || (_| |  ) ) ) )
  '  |____| .__|_| |_|_| |_\__, | / / / /
 =========|_|==============|___/=/_/_/_/
 :: Spring Boot ::        (v2.1.7.RELEASE)

2022-04-18 11:21:32.298  INFO 22216 --- [    Test worker] o.e.springboot.web.HelloControllerTest   : Starting HelloControllerTest on LAPTOP-JE7A1KAR with PID 22216 (started by PC in C:\devtool\freelec-springboot2-webservice)
2022-04-18 11:21:32.300  INFO 22216 --- [    Test worker] o.e.springboot.web.HelloControllerTest   : No active profile set, falling back to default profiles: default
2022-04-18 11:21:34.003  INFO 22216 --- [    Test worker] o.s.s.concurrent.ThreadPoolTaskExecutor  : Initializing ExecutorService 'applicationTaskExecutor'
2022-04-18 11:21:34.114  INFO 22216 --- [    Test worker] o.s.b.a.w.s.WelcomePageHandlerMapping    : Adding welcome page template: index
2022-04-18 11:21:34.880  INFO 22216 --- [    Test worker] .s.s.UserDetailsServiceAutoConfiguration : 

Using generated security password: 911e01c7-5d60-4fb3-8fa3-0e19461fb28b

2022-04-18 11:21:35.401  INFO 22216 --- [    Test worker] o.s.s.web.DefaultSecurityFilterChain     : Creating filter chain: any request, [org.springframework.security.web.context.request.async.WebAsyncManagerIntegrationFilter@4b074b3e, org.springframework.security.web.context.SecurityContextPersistenceFilter@73f4ce16, org.springframework.security.web.header.HeaderWriterFilter@99bef40, org.springframework.security.web.csrf.CsrfFilter@5cf6d4a2, org.springframework.security.web.authentication.logout.LogoutFilter@52b88002, org.springframework.security.web.authentication.UsernamePasswordAuthenticationFilter@5dae94d5, org.springframework.security.web.authentication.ui.DefaultLoginPageGeneratingFilter@690a2bb1, org.springframework.security.web.authentication.ui.DefaultLogoutPageGeneratingFilter@5e0b7d79, org.springframework.security.web.authentication.www.BasicAuthenticationFilter@514c8575, org.springframework.security.web.savedrequest.RequestCacheAwareFilter@4f27041c, org.springframework.security.web.servletapi.SecurityContextHolderAwareRequestFilter@19100357, org.springframework.security.web.authentication.AnonymousAuthenticationFilter@6b592ce0, org.springframework.security.web.session.SessionManagementFilter@63227915, org.springframework.security.web.access.ExceptionTranslationFilter@3271c3cf, org.springframework.security.web.access.intercept.FilterSecurityInterceptor@c5af65f]
2022-04-18 11:21:35.495  INFO 22216 --- [    Test worker] o.s.b.t.m.w.SpringBootMockServletContext : Initializing Spring TestDispatcherServlet ''
2022-04-18 11:21:35.495  INFO 22216 --- [    Test worker] o.s.t.web.servlet.TestDispatcherServlet  : Initializing Servlet ''
2022-04-18 11:21:35.542  INFO 22216 --- [    Test worker] o.s.t.web.servlet.TestDispatcherServlet  : Completed initialization in 46 ms
2022-04-18 11:21:35.620  INFO 22216 --- [    Test worker] o.e.springboot.web.HelloControllerTest   : Started HelloControllerTest in 3.45 seconds (JVM running for 41.284)
]]></system-out>
  <system-err><![CDATA[]]></system-err>
</testsuite>
