<?xml version="1.0" encoding="UTF-8"?>
<testsuite name="org.example.springboot.domain.posts.PostsRepositoryTest" tests="2" skipped="0" failures="0" errors="0" timestamp="2022-04-18T02:21:31" hostname="LAPTOP-JE7A1KAR" time="0.407">
  <properties/>
  <testcase name="BaseTimeEntity_registered" classname="org.example.springboot.domain.posts.PostsRepositoryTest" time="0.384"/>
  <testcase name="article_load" classname="org.example.springboot.domain.posts.PostsRepositoryTest" time="0.022"/>
  <system-out><![CDATA[2022-04-18 11:21:25.060  INFO 22216 --- [    Test worker] .b.t.c.SpringBootTestContextBootstrapper : Neither @ContextConfiguration nor @ContextHierarchy found for test class [org.example.springboot.domain.posts.PostsRepositoryTest], using SpringBootContextLoader
2022-04-18 11:21:25.062  INFO 22216 --- [    Test worker] o.s.t.c.support.AbstractContextLoader    : Could not detect default resource locations for test class [org.example.springboot.domain.posts.PostsRepositoryTest]: no resource found for suffixes {-context.xml, Context.groovy}.
2022-04-18 11:21:25.063  INFO 22216 --- [    Test worker] t.c.s.AnnotationConfigContextLoaderUtils : Could not detect default configuration classes for test class [org.example.springboot.domain.posts.PostsRepositoryTest]: PostsRepositoryTest does not declare any static, non-private, non-final, nested classes annotated with @Configuration.
2022-04-18 11:21:25.123  INFO 22216 --- [    Test worker] .b.t.c.SpringBootTestContextBootstrapper : Found @SpringBootConfiguration org.example.springboot.Application for test class org.example.springboot.domain.posts.PostsRepositoryTest
2022-04-18 11:21:25.129  INFO 22216 --- [    Test worker] .b.t.c.SpringBootTestContextBootstrapper : Loaded default TestExecutionListener class names from location [META-INF/spring.factories]: [org.springframework.security.test.context.support.WithSecurityContextTestExecutionListener, org.springframework.security.test.context.support.ReactorContextTestExecutionListener, org.springframework.boot.test.autoconfigure.restdocs.RestDocsTestExecutionListener, org.springframework.boot.test.autoconfigure.web.client.MockRestServiceServerResetTestExecutionListener, org.springframework.boot.test.autoconfigure.web.servlet.MockMvcPrintOnlyOnFailureTestExecutionListener, org.springframework.boot.test.autoconfigure.web.servlet.WebDriverTestExecutionListener, org.springframework.boot.test.mock.mockito.MockitoTestExecutionListener, org.springframework.boot.test.mock.mockito.ResetMocksTestExecutionListener, org.springframework.test.context.web.ServletTestExecutionListener, org.springframework.test.context.support.DirtiesContextBeforeModesTestExecutionListener, org.springframework.test.context.support.DependencyInjectionTestExecutionListener, org.springframework.test.context.support.DirtiesContextTestExecutionListener, org.springframework.test.context.transaction.TransactionalTestExecutionListener, org.springframework.test.context.jdbc.SqlScriptsTestExecutionListener]
2022-04-18 11:21:25.132  INFO 22216 --- [    Test worker] .b.t.c.SpringBootTestContextBootstrapper : Using TestExecutionListeners: [org.springframework.test.context.web.ServletTestExecutionListener@bb49f3d, org.springframework.test.context.support.DirtiesContextBeforeModesTestExecutionListener@14d6be75, org.springframework.boot.test.mock.mockito.MockitoTestExecutionListener@23946be9, org.springframework.boot.test.autoconfigure.SpringBootDependencyInjectionTestExecutionListener@b0053b0, org.springframework.test.context.support.DirtiesContextTestExecutionListener@24e2789a, org.springframework.test.context.transaction.TransactionalTestExecutionListener@5e64f65, org.springframework.test.context.jdbc.SqlScriptsTestExecutionListener@52da713, org.springframework.security.test.context.support.WithSecurityContextTestExecutionListener@c39e9d5, org.springframework.security.test.context.support.ReactorContextTestExecutionListener@3b287660, org.springframework.boot.test.autoconfigure.restdocs.RestDocsTestExecutionListener@c829b07, org.springframework.boot.test.autoconfigure.web.client.MockRestServiceServerResetTestExecutionListener@64ffa0bb, org.springframework.boot.test.autoconfigure.web.servlet.MockMvcPrintOnlyOnFailureTestExecutionListener@27cb8ab0, org.springframework.boot.test.autoconfigure.web.servlet.WebDriverTestExecutionListener@5fa8735f, org.springframework.boot.test.mock.mockito.ResetMocksTestExecutionListener@476a810e]

  .   ____          _            __ _ _
 /\\ / ___'_ __ _ _(_)_ __  __ _ \ \ \ \
( ( )\___ | '_ | '_| | '_ \/ _` | \ \ \ \
 \\/  ___)| |_)| | | | | || (_| |  ) ) ) )
  '  |____| .__|_| |_|_| |_\__, | / / / /
 =========|_|==============|___/=/_/_/_/
 :: Spring Boot ::        (v2.1.7.RELEASE)

2022-04-18 11:21:25.267  INFO 22216 --- [    Test worker] o.e.s.domain.posts.PostsRepositoryTest   : Starting PostsRepositoryTest on LAPTOP-JE7A1KAR with PID 22216 (started by PC in C:\devtool\freelec-springboot2-webservice)
2022-04-18 11:21:25.268  INFO 22216 --- [    Test worker] o.e.s.domain.posts.PostsRepositoryTest   : No active profile set, falling back to default profiles: default
2022-04-18 11:21:26.259  INFO 22216 --- [    Test worker] .s.d.r.c.RepositoryConfigurationDelegate : Bootstrapping Spring Data repositories in DEFAULT mode.
2022-04-18 11:21:26.440  INFO 22216 --- [    Test worker] .s.d.r.c.RepositoryConfigurationDelegate : Finished Spring Data repository scanning in 180ms. Found 2 repository interfaces.
2022-04-18 11:21:26.788  INFO 22216 --- [    Test worker] trationDelegate$BeanPostProcessorChecker : Bean 'org.springframework.transaction.annotation.ProxyTransactionManagementConfiguration' of type [org.springframework.transaction.annotation.ProxyTransactionManagementConfiguration$$EnhancerBySpringCGLIB$$8fe86960] is not eligible for getting processed by all BeanPostProcessors (for example: not eligible for auto-proxying)
2022-04-18 11:21:27.079  INFO 22216 --- [    Test worker] com.zaxxer.hikari.HikariDataSource       : HikariPool-2 - Starting...
2022-04-18 11:21:27.081  INFO 22216 --- [    Test worker] com.zaxxer.hikari.HikariDataSource       : HikariPool-2 - Start completed.
2022-04-18 11:21:27.271  INFO 22216 --- [    Test worker] o.hibernate.jpa.internal.util.LogHelper  : HHH000204: Processing PersistenceUnitInfo [
	name: default
	...]
2022-04-18 11:21:27.354  INFO 22216 --- [    Test worker] org.hibernate.dialect.Dialect            : HHH000400: Using dialect: org.hibernate.dialect.MySQL5InnoDBDialect
Hibernate: drop table if exists posts
Hibernate: drop table if exists user
Hibernate: create table posts (id bigint not null auto_increment, created_date datetime, modified_date datetime, author varchar(255), content TEXT not null, title varchar(500) not null, primary key (id)) engine=InnoDB
Hibernate: create table user (id bigint not null auto_increment, created_date datetime, modified_date datetime, email varchar(255) not null, name varchar(255) not null, picture varchar(255), role varchar(255) not null, primary key (id)) engine=InnoDB
2022-04-18 11:21:27.538  INFO 22216 --- [    Test worker] o.h.t.schema.internal.SchemaCreatorImpl  : HHH000476: Executing import script 'org.hibernate.tool.schema.internal.exec.ScriptSourceInputNonExistentImpl@bdd7bc1'
2022-04-18 11:21:27.539  INFO 22216 --- [    Test worker] j.LocalContainerEntityManagerFactoryBean : Initialized JPA EntityManagerFactory for persistence unit 'default'
2022-04-18 11:21:28.274  INFO 22216 --- [    Test worker] o.h.h.i.QueryTranslatorFactoryInitiator  : HHH000397: Using ASTQueryTranslatorFactory
2022-04-18 11:21:28.905  INFO 22216 --- [    Test worker] o.s.s.web.DefaultSecurityFilterChain     : Creating filter chain: any request, [org.springframework.security.web.context.request.async.WebAsyncManagerIntegrationFilter@1b2214e4, org.springframework.security.web.context.SecurityContextPersistenceFilter@ae809eb, org.springframework.security.web.header.HeaderWriterFilter@2dbc4e32, org.springframework.security.web.authentication.logout.LogoutFilter@259ef92d, org.springframework.security.oauth2.client.web.OAuth2AuthorizationRequestRedirectFilter@57b1aa24, org.springframework.security.oauth2.client.web.OAuth2LoginAuthenticationFilter@6ab7f333, org.springframework.security.web.authentication.ui.DefaultLoginPageGeneratingFilter@6f731279, org.springframework.security.web.authentication.ui.DefaultLogoutPageGeneratingFilter@37d25e5a, org.springframework.security.web.savedrequest.RequestCacheAwareFilter@52c2a1ce, org.springframework.security.web.servletapi.SecurityContextHolderAwareRequestFilter@1d40b87a, org.springframework.security.web.authentication.AnonymousAuthenticationFilter@6d68220e, org.springframework.security.web.session.SessionManagementFilter@494770c3, org.springframework.security.web.access.ExceptionTranslationFilter@266fc3a3, org.springframework.security.web.access.intercept.FilterSecurityInterceptor@3f326dcf]
2022-04-18 11:21:29.990  INFO 22216 --- [    Test worker] o.s.s.concurrent.ThreadPoolTaskExecutor  : Initializing ExecutorService 'applicationTaskExecutor'
2022-04-18 11:21:30.032  WARN 22216 --- [    Test worker] aWebConfiguration$JpaWebMvcConfiguration : spring.jpa.open-in-view is enabled by default. Therefore, database queries may be performed during view rendering. Explicitly configure spring.jpa.open-in-view to disable this warning
2022-04-18 11:21:30.144  INFO 22216 --- [    Test worker] o.s.b.a.w.s.WelcomePageHandlerMapping    : Adding welcome page template: index
2022-04-18 11:21:31.623  INFO 22216 --- [    Test worker] s.a.ScheduledAnnotationBeanPostProcessor : No TaskScheduler/ScheduledExecutorService bean found for scheduled processing
2022-04-18 11:21:31.626  INFO 22216 --- [    Test worker] o.e.s.domain.posts.PostsRepositoryTest   : Started PostsRepositoryTest in 6.471 seconds (JVM running for 37.29)
Hibernate: insert into posts (created_date, modified_date, author, content, title) values (?, ?, ?, ?, ?)
Hibernate: select posts0_.id as id1_0_, posts0_.created_date as created_2_0_, posts0_.modified_date as modified3_0_, posts0_.author as author4_0_, posts0_.content as content5_0_, posts0_.title as title6_0_ from posts posts0_
>>>>>>>> createDate = 2022-04-18T11:21:31.811 , modifiedDate = 2022-04-18T11:21:31.811
Hibernate: select posts0_.id as id1_0_, posts0_.created_date as created_2_0_, posts0_.modified_date as modified3_0_, posts0_.author as author4_0_, posts0_.content as content5_0_, posts0_.title as title6_0_ from posts posts0_
Hibernate: delete from posts where id=?
Hibernate: insert into posts (created_date, modified_date, author, content, title) values (?, ?, ?, ?, ?)
Hibernate: select posts0_.id as id1_0_, posts0_.created_date as created_2_0_, posts0_.modified_date as modified3_0_, posts0_.author as author4_0_, posts0_.content as content5_0_, posts0_.title as title6_0_ from posts posts0_
Hibernate: select posts0_.id as id1_0_, posts0_.created_date as created_2_0_, posts0_.modified_date as modified3_0_, posts0_.author as author4_0_, posts0_.content as content5_0_, posts0_.title as title6_0_ from posts posts0_
Hibernate: delete from posts where id=?
]]></system-out>
  <system-err><![CDATA[]]></system-err>
</testsuite>
